<?xml version="1.0" ?>
<testsuites failures="0" name="TestXML" tests="6" time="0.855">
<testsuite failures="0" name="Dialog" tests="4" time="0.002">
<testcase name=" exit dialog advance" time="0.328">
</testcase>
<testcase name=" same actor queue multiple speeches" time="0.5">
</testcase>
<testcase name=" speech bubble autoskip" time="3.234">
</testcase>
<testcase name=" speech bubble advance" time="2.334">
</testcase>
</testsuite>
<testsuite failures="0" name="Enemy" tests="6" time="0.004">
<testcase name=" duck" time="1.247">
</testcase>
<testcase name=" duck house" time="8.898">
</testcase>
<testcase name=" unstuck" time="0.999">
</testcase>
<testcase name=" gunner" time="2.117">
</testcase>
<testcase name=" blockmancer capable of damaging player" time="2.049">
</testcase>
<testcase name=" boss" time="2.215">
</testcase>
</testsuite>
<testsuite failures="0" name="Flames" tests="6" time="0.003">
<testcase name=" flamewheel unhindered at center" time="2.998">
</testcase>
<testcase name=" shielded at point blank" time="0.997">
</testcase>
<testcase name=" boss immune to flames" time="1.016">
</testcase>
<testcase name=" shielded by obstacle" time="1.016">
</testcase>
<testcase name=" severity of damage" time="2.217">
</testcase>
<testcase name=" shielded even when rotated" time="0.966">
</testcase>
</testsuite>
<testsuite failures="0" name="Player" tests="9" time="0.003">
<testcase name=" hold tetromino when empty" time="0.029">
</testcase>
<testcase name=" movement up" time="0.083">
</testcase>
<testcase name=" movement right" time="0.1">
</testcase>
<testcase name=" movement down" time="0.1">
</testcase>
<testcase name=" dash" time="0.517">
</testcase>
<testcase name=" hold tetromino swapped correctly" time="0.034">
</testcase>
<testcase name=" death handled correctly" time="0.15">
</testcase>
<testcase name=" damage updates hud" time="0.016">
</testcase>
<testcase name=" movement left" time="0.1">
</testcase>
</testsuite>
<testsuite failures="0" name="Solve" tests="8" time="0.001">
<testcase name=" solve damages only once" time="0.003">
</testcase>
<testcase name=" rotated solve" time="0.001">
</testcase>
<testcase name=" kill trapped actors with solve" time="0.004">
</testcase>
<testcase name=" is actor locked check" time="0">
</testcase>
<testcase name=" untrap" time="0">
</testcase>
<testcase name=" trap" time="0.002">
</testcase>
<testcase name=" search" time="0.001">
</testcase>
<testcase name=" basic solve 3x3" time="0.001">
</testcase>
</testsuite>
<testsuite failures="0" name="Tetromino" tests="12" time="0.001">
<testcase name=" block configuration" time="0.002">
</testcase>
<testcase name=" mouse snapping" time="0.499">
</testcase>
<testcase name=" decaying" time="0.466">
</testcase>
<testcase name=" toggle block visibility" time="0.001">
</testcase>
<testcase name=" summoning" time="0.516">
</testcase>
<testcase name=" rotation input" time="0.117">
</testcase>
<testcase name="grid snapping with rotation: 1 block wide" time="0.066">
</testcase>
<testcase name="grid snapping with rotation: 2 block wide" time="0.067">
</testcase>
<testcase name="grid snapping with rotation: 3 block wide" time="0.067">
</testcase>
<testcase name="grid snapping with rotation: 4 block wide" time="0.066">
</testcase>
<testcase name="grid snapping with rotation: 5 block wide" time="0.066">
</testcase>
<testcase name="grid snapping with rotation: 6 block wide" time="0.067">
</testcase>
</testsuite>
</testsuites>